<?xml version="1.0" encoding="utf-8"?><testsuites name="pytest tests"><testsuite name="pytest" errors="0" failures="0" skipped="0" tests="8" time="8.717" timestamp="2026-03-18T15:40:41.556215+00:00" hostname="agent-env-a460370c-047f-4992-b70c-fb254bb6aaae"><testcase classname="backend.tests.test_cursify_api" name="test_api_root_health" time="0.613" /><testcase classname="backend.tests.test_cursify_api" name="test_login_returns_jwt_for_student" time="2.550" /><testcase classname="backend.tests.test_cursify_api" name="test_courses_public_listing" time="2.541" /><testcase classname="backend.tests.test_cursify_api" name="test_student_cannot_create_course" time="0.368" /><testcase classname="backend.tests.test_cursify_api" name="test_admin_can_create_course" time="0.368" /><testcase classname="backend.tests.test_cursify_api" name="test_student_can_enroll_and_get_nested_course" time="0.739" /><testcase classname="backend.tests.test_cursify_api" name="test_admin_can_enroll_and_get_nested_course" time="0.758" /><testcase classname="backend.tests.test_cursify_api" name="test_admin_overview_access_control" time="0.750" /></testsuite></testsuites>